app/build/intermediates/manifest_merge_blame_file/debug/processDebugMainManifest/manifest-merger-blame-debug-report.txt
1<?xml version="1.0" encoding="utf-8"?>
2<manifest xmlns:android="http://schemas.android.com/apk/res/android"
3    package="com.example.skillcinema"
4    android:versionCode="1"
5    android:versionName="1.0" >
6
7    <uses-sdk
8        android:minSdkVersion="30"
9        android:targetSdkVersion="34" />
10
11    <uses-feature
11-->src\main\AndroidManifest.xml:5:5-7:36
12        android:name="android.hardware.telephony"
12-->src\main\AndroidManifest.xml:6:9-50
13        android:required="false" />
13-->src\main\AndroidManifest.xml:7:9-33
14
15    <uses-permission android:name="android.permission.ACCESS_NETWORK_STATE" />
15-->src\main\AndroidManifest.xml:9:5-78
15-->src\main\AndroidManifest.xml:9:22-76
16    <uses-permission android:name="com.google.android.gms.permission.ACTIVITY_RECOGNITION" />
16-->src\main\AndroidManifest.xml:10:5-94
16-->src\main\AndroidManifest.xml:10:22-91
17    <uses-permission android:name="android.permission.INTERNET" />
17-->src\main\AndroidManifest.xml:11:5-67
17-->src\main\AndroidManifest.xml:11:22-64
18    <uses-permission android:name="android.permission.POST_NOTIFICATIONS" />
18-->src\main\AndroidManifest.xml:12:5-77
18-->src\main\AndroidManifest.xml:12:22-74
19    <uses-permission android:name="android.permission.SEND_SMS" />
19-->src\main\AndroidManifest.xml:13:5-66
19-->src\main\AndroidManifest.xml:13:22-64
20    <uses-permission android:name="android.permission.WRITE_EXTERNAL_STORAGE" />
20-->src\main\AndroidManifest.xml:14:5-17:40
20-->src\main\AndroidManifest.xml:15:9-65
21    <uses-permission
21-->src\main\AndroidManifest.xml:18:5-20:38
22        android:name="android.permission.READ_EXTERNAL_STORAGE"
22-->src\main\AndroidManifest.xml:19:9-64
23        android:maxSdkVersion="32" />
23-->src\main\AndroidManifest.xml:20:9-35
24    <uses-permission android:name="com.google.android.gms.permission.AD_ID" />
24-->src\main\AndroidManifest.xml:21:5-79
24-->src\main\AndroidManifest.xml:21:22-76
25
26    <queries>
26-->[androidx.camera:camera-extensions:1.4.1] AndroidManifest.xml:22:5-26:15
27        <intent>
27-->[androidx.camera:camera-extensions:1.4.1] AndroidManifest.xml:23:9-25:18
28            <action android:name="androidx.camera.extensions.action.VENDOR_ACTION" />
28-->[androidx.camera:camera-extensions:1.4.1] AndroidManifest.xml:24:13-86
28-->[androidx.camera:camera-extensions:1.4.1] AndroidManifest.xml:24:21-83
29        </intent>
30        <!-- Needs to be explicitly declared on Android R+ -->
31        <package android:name="com.google.android.apps.maps" />
31-->[com.google.android.gms:play-services-maps:19.0.0] AndroidManifest.xml:33:9-64
31-->[com.google.android.gms:play-services-maps:19.0.0] AndroidManifest.xml:33:18-61
32    </queries>
33
34    <uses-feature
34-->[com.google.android.gms:play-services-maps:19.0.0] AndroidManifest.xml:26:5-28:35
35        android:glEsVersion="0x00020000"
35-->[com.google.android.gms:play-services-maps:19.0.0] AndroidManifest.xml:27:9-41
36        android:required="true" />
36-->[com.google.android.gms:play-services-maps:19.0.0] AndroidManifest.xml:28:9-32
37
38    <uses-permission android:name="android.permission.WAKE_LOCK" />
38-->[com.google.android.gms:play-services-measurement:22.1.2] AndroidManifest.xml:25:5-68
38-->[com.google.android.gms:play-services-measurement:22.1.2] AndroidManifest.xml:25:22-65
39    <uses-permission android:name="com.google.android.finsky.permission.BIND_GET_INSTALL_REFERRER_SERVICE" />
39-->[com.google.android.gms:play-services-measurement:22.1.2] AndroidManifest.xml:26:5-110
39-->[com.google.android.gms:play-services-measurement:22.1.2] AndroidManifest.xml:26:22-107
40    <uses-permission android:name="android.permission.ACCESS_ADSERVICES_ATTRIBUTION" />
40-->[com.google.android.gms:play-services-measurement-api:22.1.2] AndroidManifest.xml:26:5-88
40-->[com.google.android.gms:play-services-measurement-api:22.1.2] AndroidManifest.xml:26:22-85
41    <uses-permission android:name="android.permission.ACCESS_ADSERVICES_AD_ID" />
41-->[com.google.android.gms:play-services-measurement-api:22.1.2] AndroidManifest.xml:27:5-82
41-->[com.google.android.gms:play-services-measurement-api:22.1.2] AndroidManifest.xml:27:22-79
42
43    <permission
43-->[androidx.core:core:1.15.0] AndroidManifest.xml:22:5-24:47
44        android:name="com.example.skillcinema.DYNAMIC_RECEIVER_NOT_EXPORTED_PERMISSION"
44-->[androidx.core:core:1.15.0] AndroidManifest.xml:23:9-81
45        android:protectionLevel="signature" />
45-->[androidx.core:core:1.15.0] AndroidManifest.xml:24:9-44
46
47    <uses-permission android:name="com.example.skillcinema.DYNAMIC_RECEIVER_NOT_EXPORTED_PERMISSION" />
47-->[androidx.core:core:1.15.0] AndroidManifest.xml:26:5-97
47-->[androidx.core:core:1.15.0] AndroidManifest.xml:26:22-94
48
49    <application
49-->src\main\AndroidManifest.xml:23:5-44:19
50        android:name="com.example.skillcinema.App"
50-->src\main\AndroidManifest.xml:24:9-28
51        android:allowBackup="true"
51-->src\main\AndroidManifest.xml:25:9-35
52        android:appComponentFactory="androidx.core.app.CoreComponentFactory"
52-->[androidx.core:core:1.15.0] AndroidManifest.xml:28:18-86
53        android:dataExtractionRules="@xml/data_extraction_rules"
53-->src\main\AndroidManifest.xml:26:9-65
54        android:debuggable="true"
55        android:enableOnBackInvokedCallback="true"
55-->src\main\AndroidManifest.xml:33:9-51
56        android:extractNativeLibs="false"
57        android:fullBackupContent="@xml/backup_rules"
57-->src\main\AndroidManifest.xml:27:9-54
58        android:icon="@mipmap/ic_launcher"
58-->src\main\AndroidManifest.xml:28:9-43
59        android:label="@string/app_name"
59-->src\main\AndroidManifest.xml:29:9-41
60        android:roundIcon="@mipmap/ic_launcher_round"
60-->src\main\AndroidManifest.xml:30:9-54
61        android:supportsRtl="true"
61-->src\main\AndroidManifest.xml:31:9-35
62        android:testOnly="true"
63        android:theme="@style/Theme.SkillCinema" >
63-->src\main\AndroidManifest.xml:32:9-49
64        <activity
64-->src\main\AndroidManifest.xml:35:9-43:20
65            android:name="com.example.skillcinema.presentation.MainActivity"
65-->src\main\AndroidManifest.xml:36:13-54
66            android:exported="true" >
66-->src\main\AndroidManifest.xml:37:13-36
67            <intent-filter>
67-->src\main\AndroidManifest.xml:38:13-42:29
68                <action android:name="android.intent.action.MAIN" />
68-->src\main\AndroidManifest.xml:39:17-69
68-->src\main\AndroidManifest.xml:39:25-66
69
70                <category android:name="android.intent.category.LAUNCHER" />
70-->src\main\AndroidManifest.xml:41:17-77
70-->src\main\AndroidManifest.xml:41:27-74
71            </intent-filter>
72        </activity>
73
74        <uses-library
74-->[androidx.camera:camera-extensions:1.4.1] AndroidManifest.xml:29:9-31:40
75            android:name="androidx.camera.extensions.impl"
75-->[androidx.camera:camera-extensions:1.4.1] AndroidManifest.xml:30:13-59
76            android:required="false" />
76-->[androidx.camera:camera-extensions:1.4.1] AndroidManifest.xml:31:13-37
77
78        <service
78-->[androidx.camera:camera-camera2:1.4.1] AndroidManifest.xml:24:9-33:19
79            android:name="androidx.camera.core.impl.MetadataHolderService"
79-->[androidx.camera:camera-camera2:1.4.1] AndroidManifest.xml:25:13-75
80            android:enabled="false"
80-->[androidx.camera:camera-camera2:1.4.1] AndroidManifest.xml:26:13-36
81            android:exported="false" >
81-->[androidx.camera:camera-camera2:1.4.1] AndroidManifest.xml:27:13-37
82            <meta-data
82-->[androidx.camera:camera-camera2:1.4.1] AndroidManifest.xml:30:13-32:89
83                android:name="androidx.camera.core.impl.MetadataHolderService.DEFAULT_CONFIG_PROVIDER"
83-->[androidx.camera:camera-camera2:1.4.1] AndroidManifest.xml:31:17-103
84                android:value="androidx.camera.camera2.Camera2Config$DefaultProvider" />
84-->[androidx.camera:camera-camera2:1.4.1] AndroidManifest.xml:32:17-86
85        </service> <!-- Needs to be explicitly declared on P+ -->
86        <uses-library
86-->[com.google.android.gms:play-services-maps:19.0.0] AndroidManifest.xml:39:9-41:40
87            android:name="org.apache.http.legacy"
87-->[com.google.android.gms:play-services-maps:19.0.0] AndroidManifest.xml:40:13-50
88            android:required="false" />
88-->[com.google.android.gms:play-services-maps:19.0.0] AndroidManifest.xml:41:13-37
89
90        <receiver
90-->[com.google.android.gms:play-services-measurement:22.1.2] AndroidManifest.xml:29:9-33:20
91            android:name="com.google.android.gms.measurement.AppMeasurementReceiver"
91-->[com.google.android.gms:play-services-measurement:22.1.2] AndroidManifest.xml:30:13-85
92            android:enabled="true"
92-->[com.google.android.gms:play-services-measurement:22.1.2] AndroidManifest.xml:31:13-35
93            android:exported="false" >
93-->[com.google.android.gms:play-services-measurement:22.1.2] AndroidManifest.xml:32:13-37
94        </receiver>
95
96        <service
96-->[com.google.android.gms:play-services-measurement:22.1.2] AndroidManifest.xml:35:9-38:40
97            android:name="com.google.android.gms.measurement.AppMeasurementService"
97-->[com.google.android.gms:play-services-measurement:22.1.2] AndroidManifest.xml:36:13-84
98            android:enabled="true"
98-->[com.google.android.gms:play-services-measurement:22.1.2] AndroidManifest.xml:37:13-35
99            android:exported="false" />
99-->[com.google.android.gms:play-services-measurement:22.1.2] AndroidManifest.xml:38:13-37
100        <service
100-->[com.google.android.gms:play-services-measurement:22.1.2] AndroidManifest.xml:39:9-43:72
101            android:name="com.google.android.gms.measurement.AppMeasurementJobService"
101-->[com.google.android.gms:play-services-measurement:22.1.2] AndroidManifest.xml:40:13-87
102            android:enabled="true"
102-->[com.google.android.gms:play-services-measurement:22.1.2] AndroidManifest.xml:41:13-35
103            android:exported="false"
103-->[com.google.android.gms:play-services-measurement:22.1.2] AndroidManifest.xml:42:13-37
104            android:permission="android.permission.BIND_JOB_SERVICE" />
104-->[com.google.android.gms:play-services-measurement:22.1.2] AndroidManifest.xml:43:13-69
105
106        <activity
106-->[com.google.android.gms:play-services-base:18.5.0] AndroidManifest.xml:5:9-173
107            android:name="com.google.android.gms.common.api.GoogleApiActivity"
107-->[com.google.android.gms:play-services-base:18.5.0] AndroidManifest.xml:5:19-85
108            android:exported="false"
108-->[com.google.android.gms:play-services-base:18.5.0] AndroidManifest.xml:5:146-170
109            android:theme="@android:style/Theme.Translucent.NoTitleBar" />
109-->[com.google.android.gms:play-services-base:18.5.0] AndroidManifest.xml:5:86-145
110
111        <service
111-->[com.google.firebase:firebase-crashlytics:19.3.0] AndroidManifest.xml:12:9-21:19
112            android:name="com.google.firebase.components.ComponentDiscoveryService"
112-->[com.google.firebase:firebase-crashlytics:19.3.0] AndroidManifest.xml:13:13-84
113            android:directBootAware="true"
113-->[com.google.firebase:firebase-common:21.0.0] AndroidManifest.xml:32:13-43
114            android:exported="false" >
114-->[com.google.firebase:firebase-crashlytics:19.3.0] AndroidManifest.xml:14:13-37
115            <meta-data
115-->[com.google.firebase:firebase-crashlytics:19.3.0] AndroidManifest.xml:15:13-17:85
116                android:name="com.google.firebase.components:com.google.firebase.crashlytics.FirebaseCrashlyticsKtxRegistrar"
116-->[com.google.firebase:firebase-crashlytics:19.3.0] AndroidManifest.xml:16:17-126
117                android:value="com.google.firebase.components.ComponentRegistrar" />
117-->[com.google.firebase:firebase-crashlytics:19.3.0] AndroidManifest.xml:17:17-82
118            <meta-data
118-->[com.google.firebase:firebase-crashlytics:19.3.0] AndroidManifest.xml:18:13-20:85
119                android:name="com.google.firebase.components:com.google.firebase.crashlytics.CrashlyticsRegistrar"
119-->[com.google.firebase:firebase-crashlytics:19.3.0] AndroidManifest.xml:19:17-115
120                android:value="com.google.firebase.components.ComponentRegistrar" />
120-->[com.google.firebase:firebase-crashlytics:19.3.0] AndroidManifest.xml:20:17-82
121            <meta-data
121-->[com.google.android.gms:play-services-measurement-api:22.1.2] AndroidManifest.xml:37:13-39:85
122                android:name="com.google.firebase.components:com.google.firebase.analytics.connector.internal.AnalyticsConnectorRegistrar"
122-->[com.google.android.gms:play-services-measurement-api:22.1.2] AndroidManifest.xml:38:17-139
123                android:value="com.google.firebase.components.ComponentRegistrar" />
123-->[com.google.android.gms:play-services-measurement-api:22.1.2] AndroidManifest.xml:39:17-82
124            <meta-data
124-->[com.google.firebase:firebase-sessions:2.0.7] AndroidManifest.xml:29:13-31:85
125                android:name="com.google.firebase.components:com.google.firebase.sessions.FirebaseSessionsRegistrar"
125-->[com.google.firebase:firebase-sessions:2.0.7] AndroidManifest.xml:30:17-117
126                android:value="com.google.firebase.components.ComponentRegistrar" />
126-->[com.google.firebase:firebase-sessions:2.0.7] AndroidManifest.xml:31:17-82
127            <meta-data
127-->[com.google.firebase:firebase-installations:18.0.0] AndroidManifest.xml:15:13-17:85
128                android:name="com.google.firebase.components:com.google.firebase.installations.FirebaseInstallationsKtxRegistrar"
128-->[com.google.firebase:firebase-installations:18.0.0] AndroidManifest.xml:16:17-130
129                android:value="com.google.firebase.components.ComponentRegistrar" />
129-->[com.google.firebase:firebase-installations:18.0.0] AndroidManifest.xml:17:17-82
130            <meta-data
130-->[com.google.firebase:firebase-installations:18.0.0] AndroidManifest.xml:18:13-20:85
131                android:name="com.google.firebase.components:com.google.firebase.installations.FirebaseInstallationsRegistrar"
131-->[com.google.firebase:firebase-installations:18.0.0] AndroidManifest.xml:19:17-127
132                android:value="com.google.firebase.components.ComponentRegistrar" />
132-->[com.google.firebase:firebase-installations:18.0.0] AndroidManifest.xml:20:17-82
133            <meta-data
133-->[com.google.firebase:firebase-common-ktx:21.0.0] AndroidManifest.xml:12:13-14:85
134                android:name="com.google.firebase.components:com.google.firebase.ktx.FirebaseCommonLegacyRegistrar"
134-->[com.google.firebase:firebase-common-ktx:21.0.0] AndroidManifest.xml:13:17-116
135                android:value="com.google.firebase.components.ComponentRegistrar" />
135-->[com.google.firebase:firebase-common-ktx:21.0.0] AndroidManifest.xml:14:17-82
136            <meta-data
136-->[com.google.firebase:firebase-common:21.0.0] AndroidManifest.xml:35:13-37:85
137                android:name="com.google.firebase.components:com.google.firebase.FirebaseCommonKtxRegistrar"
137-->[com.google.firebase:firebase-common:21.0.0] AndroidManifest.xml:36:17-109
138                android:value="com.google.firebase.components.ComponentRegistrar" />
138-->[com.google.firebase:firebase-common:21.0.0] AndroidManifest.xml:37:17-82
139            <meta-data
139-->[com.google.firebase:firebase-datatransport:19.0.0] AndroidManifest.xml:25:13-27:85
140                android:name="com.google.firebase.components:com.google.firebase.datatransport.TransportRegistrar"
140-->[com.google.firebase:firebase-datatransport:19.0.0] AndroidManifest.xml:26:17-115
141                android:value="com.google.firebase.components.ComponentRegistrar" />
141-->[com.google.firebase:firebase-datatransport:19.0.0] AndroidManifest.xml:27:17-82
142        </service>
143
144        <property
144-->[com.google.android.gms:play-services-measurement-api:22.1.2] AndroidManifest.xml:30:9-32:61
145            android:name="android.adservices.AD_SERVICES_CONFIG"
145-->[com.google.android.gms:play-services-measurement-api:22.1.2] AndroidManifest.xml:31:13-65
146            android:resource="@xml/ga_ad_services_config" />
146-->[com.google.android.gms:play-services-measurement-api:22.1.2] AndroidManifest.xml:32:13-58
147
148        <service
148-->[com.google.firebase:firebase-sessions:2.0.7] AndroidManifest.xml:22:9-25:40
149            android:name="com.google.firebase.sessions.SessionLifecycleService"
149-->[com.google.firebase:firebase-sessions:2.0.7] AndroidManifest.xml:23:13-80
150            android:enabled="true"
150-->[com.google.firebase:firebase-sessions:2.0.7] AndroidManifest.xml:24:13-35
151            android:exported="false" />
151-->[com.google.firebase:firebase-sessions:2.0.7] AndroidManifest.xml:25:13-37
152
153        <provider
153-->[com.google.firebase:firebase-common:21.0.0] AndroidManifest.xml:23:9-28:39
154            android:name="com.google.firebase.provider.FirebaseInitProvider"
154-->[com.google.firebase:firebase-common:21.0.0] AndroidManifest.xml:24:13-77
155            android:authorities="com.example.skillcinema.firebaseinitprovider"
155-->[com.google.firebase:firebase-common:21.0.0] AndroidManifest.xml:25:13-72
156            android:directBootAware="true"
156-->[com.google.firebase:firebase-common:21.0.0] AndroidManifest.xml:26:13-43
157            android:exported="false"
157-->[com.google.firebase:firebase-common:21.0.0] AndroidManifest.xml:27:13-37
158            android:initOrder="100" />
158-->[com.google.firebase:firebase-common:21.0.0] AndroidManifest.xml:28:13-36
159
160        <service
160-->[androidx.room:room-runtime:2.6.1] AndroidManifest.xml:24:9-28:63
161            android:name="androidx.room.MultiInstanceInvalidationService"
161-->[androidx.room:room-runtime:2.6.1] AndroidManifest.xml:25:13-74
162            android:directBootAware="true"
162-->[androidx.room:room-runtime:2.6.1] AndroidManifest.xml:26:13-43
163            android:exported="false" />
163-->[androidx.room:room-runtime:2.6.1] AndroidManifest.xml:27:13-37
164
165        <provider
165-->[androidx.emoji2:emoji2:1.3.0] AndroidManifest.xml:24:9-32:20
166            android:name="androidx.startup.InitializationProvider"
166-->[androidx.emoji2:emoji2:1.3.0] AndroidManifest.xml:25:13-67
167            android:authorities="com.example.skillcinema.androidx-startup"
167-->[androidx.emoji2:emoji2:1.3.0] AndroidManifest.xml:26:13-68
168            android:exported="false" >
168-->[androidx.emoji2:emoji2:1.3.0] AndroidManifest.xml:27:13-37
169            <meta-data
169-->[androidx.emoji2:emoji2:1.3.0] AndroidManifest.xml:29:13-31:52
170                android:name="androidx.emoji2.text.EmojiCompatInitializer"
170-->[androidx.emoji2:emoji2:1.3.0] AndroidManifest.xml:30:17-75
171                android:value="androidx.startup" />
171-->[androidx.emoji2:emoji2:1.3.0] AndroidManifest.xml:31:17-49
172            <meta-data
172-->[androidx.lifecycle:lifecycle-process:2.8.7] AndroidManifest.xml:29:13-31:52
173                android:name="androidx.lifecycle.ProcessLifecycleInitializer"
173-->[androidx.lifecycle:lifecycle-process:2.8.7] AndroidManifest.xml:30:17-78
174                android:value="androidx.startup" />
174-->[androidx.lifecycle:lifecycle-process:2.8.7] AndroidManifest.xml:31:17-49
175            <meta-data
175-->[androidx.profileinstaller:profileinstaller:1.4.0] AndroidManifest.xml:29:13-31:52
176                android:name="androidx.profileinstaller.ProfileInstallerInitializer"
176-->[androidx.profileinstaller:profileinstaller:1.4.0] AndroidManifest.xml:30:17-85
177                android:value="androidx.startup" />
177-->[androidx.profileinstaller:profileinstaller:1.4.0] AndroidManifest.xml:31:17-49
178        </provider>
179
180        <uses-library
180-->[androidx.window:window:1.0.0] AndroidManifest.xml:25:9-27:40
181            android:name="androidx.window.extensions"
181-->[androidx.window:window:1.0.0] AndroidManifest.xml:26:13-54
182            android:required="false" />
182-->[androidx.window:window:1.0.0] AndroidManifest.xml:27:13-37
183        <uses-library
183-->[androidx.window:window:1.0.0] AndroidManifest.xml:28:9-30:40
184            android:name="androidx.window.sidecar"
184-->[androidx.window:window:1.0.0] AndroidManifest.xml:29:13-51
185            android:required="false" />
185-->[androidx.window:window:1.0.0] AndroidManifest.xml:30:13-37
186        <uses-library
186-->[androidx.privacysandbox.ads:ads-adservices:1.0.0-beta05] AndroidManifest.xml:23:9-25:40
187            android:name="android.ext.adservices"
187-->[androidx.privacysandbox.ads:ads-adservices:1.0.0-beta05] AndroidManifest.xml:24:13-50
188            android:required="false" />
188-->[androidx.privacysandbox.ads:ads-adservices:1.0.0-beta05] AndroidManifest.xml:25:13-37
189
190        <meta-data
190-->[com.google.android.gms:play-services-basement:18.4.0] AndroidManifest.xml:6:9-122
191            android:name="com.google.android.gms.version"
191-->[com.google.android.gms:play-services-basement:18.4.0] AndroidManifest.xml:6:20-65
192            android:value="@integer/google_play_services_version" />
192-->[com.google.android.gms:play-services-basement:18.4.0] AndroidManifest.xml:6:66-119
193
194        <receiver
194-->[androidx.profileinstaller:profileinstaller:1.4.0] AndroidManifest.xml:34:9-52:20
195            android:name="androidx.profileinstaller.ProfileInstallReceiver"
195-->[androidx.profileinstaller:profileinstaller:1.4.0] AndroidManifest.xml:35:13-76
196            android:directBootAware="false"
196-->[androidx.profileinstaller:profileinstaller:1.4.0] AndroidManifest.xml:36:13-44
197            android:enabled="true"
197-->[androidx.profileinstaller:profileinstaller:1.4.0] AndroidManifest.xml:37:13-35
198            android:exported="true"
198-->[androidx.profileinstaller:profileinstaller:1.4.0] AndroidManifest.xml:38:13-36
199            android:permission="android.permission.DUMP" >
199-->[androidx.profileinstaller:profileinstaller:1.4.0] AndroidManifest.xml:39:13-57
200            <intent-filter>
200-->[androidx.profileinstaller:profileinstaller:1.4.0] AndroidManifest.xml:40:13-42:29
201                <action android:name="androidx.profileinstaller.action.INSTALL_PROFILE" />
201-->[androidx.profileinstaller:profileinstaller:1.4.0] AndroidManifest.xml:41:17-91
201-->[androidx.profileinstaller:profileinstaller:1.4.0] AndroidManifest.xml:41:25-88
202            </intent-filter>
203            <intent-filter>
203-->[androidx.profileinstaller:profileinstaller:1.4.0] AndroidManifest.xml:43:13-45:29
204                <action android:name="androidx.profileinstaller.action.SKIP_FILE" />
204-->[androidx.profileinstaller:profileinstaller:1.4.0] AndroidManifest.xml:44:17-85
204-->[androidx.profileinstaller:profileinstaller:1.4.0] AndroidManifest.xml:44:25-82
205            </intent-filter>
206            <intent-filter>
206-->[androidx.profileinstaller:profileinstaller:1.4.0] AndroidManifest.xml:46:13-48:29
207                <action android:name="androidx.profileinstaller.action.SAVE_PROFILE" />
207-->[androidx.profileinstaller:profileinstaller:1.4.0] AndroidManifest.xml:47:17-88
207-->[androidx.profileinstaller:profileinstaller:1.4.0] AndroidManifest.xml:47:25-85
208            </intent-filter>
209            <intent-filter>
209-->[androidx.profileinstaller:profileinstaller:1.4.0] AndroidManifest.xml:49:13-51:29
210                <action android:name="androidx.profileinstaller.action.BENCHMARK_OPERATION" />
210-->[androidx.profileinstaller:profileinstaller:1.4.0] AndroidManifest.xml:50:17-95
210-->[androidx.profileinstaller:profileinstaller:1.4.0] AndroidManifest.xml:50:25-92
211            </intent-filter>
212        </receiver>
213
214        <service
214-->[com.google.android.datatransport:transport-backend-cct:3.3.0] AndroidManifest.xml:26:9-32:19
215            android:name="com.google.android.datatransport.runtime.backends.TransportBackendDiscovery"
215-->[com.google.android.datatransport:transport-backend-cct:3.3.0] AndroidManifest.xml:27:13-103
216            android:exported="false" >
216-->[com.google.android.datatransport:transport-backend-cct:3.3.0] AndroidManifest.xml:28:13-37
217            <meta-data
217-->[com.google.android.datatransport:transport-backend-cct:3.3.0] AndroidManifest.xml:29:13-31:39
218                android:name="backend:com.google.android.datatransport.cct.CctBackendFactory"
218-->[com.google.android.datatransport:transport-backend-cct:3.3.0] AndroidManifest.xml:30:17-94
219                android:value="cct" />
219-->[com.google.android.datatransport:transport-backend-cct:3.3.0] AndroidManifest.xml:31:17-36
220        </service>
221        <service
221-->[com.google.android.datatransport:transport-runtime:4.0.0] AndroidManifest.xml:24:9-28:19
222            android:name="com.google.android.datatransport.runtime.scheduling.jobscheduling.JobInfoSchedulerService"
222-->[com.google.android.datatransport:transport-runtime:4.0.0] AndroidManifest.xml:25:13-117
223            android:exported="false"
223-->[com.google.android.datatransport:transport-runtime:4.0.0] AndroidManifest.xml:26:13-37
224            android:permission="android.permission.BIND_JOB_SERVICE" >
224-->[com.google.android.datatransport:transport-runtime:4.0.0] AndroidManifest.xml:27:13-69
225        </service>
226
227        <receiver
227-->[com.google.android.datatransport:transport-runtime:4.0.0] AndroidManifest.xml:30:9-32:40
228            android:name="com.google.android.datatransport.runtime.scheduling.jobscheduling.AlarmManagerSchedulerBroadcastReceiver"
228-->[com.google.android.datatransport:transport-runtime:4.0.0] AndroidManifest.xml:31:13-132
229            android:exported="false" />
229-->[com.google.android.datatransport:transport-runtime:4.0.0] AndroidManifest.xml:32:13-37
230    </application>
231
232</manifest>